app/build/intermediates/manifest_merge_blame_file/debug/processDebugMainManifest/manifest-merger-blame-debug-report.txt
1<?xml version="1.0" encoding="utf-8"?>
2<manifest xmlns:android="http://schemas.android.com/apk/res/android"
3    package="com.serviciotecnico"
4    android:versionCode="1"
5    android:versionName="1.0" >
6
7    <uses-sdk
8        android:minSdkVersion="26"
9        android:targetSdkVersion="36" />
10
11    <!-- Permiso para acceder a Internet -->
12    <uses-permission android:name="android.permission.INTERNET" />
12-->src/main/AndroidManifest.xml:6:5-67
12-->src/main/AndroidManifest.xml:6:22-64
13
14    <uses-feature
14-->src/main/AndroidManifest.xml:8:5-10:36
15        android:name="android.hardware.camera"
15-->src/main/AndroidManifest.xml:9:9-47
16        android:required="false" />
16-->src/main/AndroidManifest.xml:10:9-33
17
18    <uses-permission android:name="android.permission.CAMERA" />
18-->src/main/AndroidManifest.xml:12:5-65
18-->src/main/AndroidManifest.xml:12:22-62
19    <uses-permission android:name="android.permission.READ_EXTERNAL_STORAGE" />
19-->src/main/AndroidManifest.xml:13:5-80
19-->src/main/AndroidManifest.xml:13:22-77
20
21    <permission
21-->[androidx.core:core:1.15.0] AndroidManifest.xml:22:5-24:47
22        android:name="com.serviciotecnico.DYNAMIC_RECEIVER_NOT_EXPORTED_PERMISSION"
22-->[androidx.core:core:1.15.0] AndroidManifest.xml:23:9-81
23        android:protectionLevel="signature" />
23-->[androidx.core:core:1.15.0] AndroidManifest.xml:24:9-44
24
25    <uses-permission android:name="com.serviciotecnico.DYNAMIC_RECEIVER_NOT_EXPORTED_PERMISSION" />
25-->[androidx.core:core:1.15.0] AndroidManifest.xml:26:5-97
25-->[androidx.core:core:1.15.0] AndroidManifest.xml:26:22-94
26
27    <application
27-->src/main/AndroidManifest.xml:14:5-34:19
28        android:allowBackup="true"
28-->src/main/AndroidManifest.xml:16:9-35
29        android:appComponentFactory="androidx.core.app.CoreComponentFactory"
29-->[androidx.core:core:1.15.0] AndroidManifest.xml:28:18-86
30        android:dataExtractionRules="@xml/data_extraction_rules"
30-->src/main/AndroidManifest.xml:17:9-65
31        android:debuggable="true"
32        android:extractNativeLibs="false"
33        android:fullBackupContent="@xml/backup_rules"
33-->src/main/AndroidManifest.xml:18:9-54
34        android:icon="@mipmap/ic_launcher"
34-->src/main/AndroidManifest.xml:19:9-43
35        android:label="@string/app_name"
35-->src/main/AndroidManifest.xml:20:9-41
36        android:roundIcon="@mipmap/ic_launcher_round"
36-->src/main/AndroidManifest.xml:21:9-54
37        android:supportsRtl="true"
37-->src/main/AndroidManifest.xml:22:9-35
38        android:testOnly="true"
39        android:theme="@style/Theme.ServicioTecnico"
39-->src/main/AndroidManifest.xml:23:9-53
40        android:usesCleartextTraffic="true" >
40-->src/main/AndroidManifest.xml:15:9-44
41        <activity
41-->src/main/AndroidManifest.xml:25:9-33:20
42            android:name="com.serviciotecnico.MainActivity"
42-->src/main/AndroidManifest.xml:26:13-41
43            android:exported="true"
43-->src/main/AndroidManifest.xml:27:13-36
44            android:theme="@style/Theme.ServicioTecnico" >
44-->src/main/AndroidManifest.xml:28:13-57
45            <intent-filter>
45-->src/main/AndroidManifest.xml:29:13-32:29
46                <action android:name="android.intent.action.MAIN" />
46-->src/main/AndroidManifest.xml:30:17-69
46-->src/main/AndroidManifest.xml:30:25-66
47
48                <category android:name="android.intent.category.LAUNCHER" />
48-->src/main/AndroidManifest.xml:31:17-77
48-->src/main/AndroidManifest.xml:31:27-74
49            </intent-filter>
50        </activity>
51
52        <service
52-->[androidx.room:room-runtime:2.5.2] AndroidManifest.xml:24:9-28:63
53            android:name="androidx.room.MultiInstanceInvalidationService"
53-->[androidx.room:room-runtime:2.5.2] AndroidManifest.xml:25:13-74
54            android:directBootAware="true"
54-->[androidx.room:room-runtime:2.5.2] AndroidManifest.xml:26:13-43
55            android:exported="false" />
55-->[androidx.room:room-runtime:2.5.2] AndroidManifest.xml:27:13-37
56
57        <provider
57-->[androidx.emoji2:emoji2:1.4.0] AndroidManifest.xml:24:9-32:20
58            android:name="androidx.startup.InitializationProvider"
58-->[androidx.emoji2:emoji2:1.4.0] AndroidManifest.xml:25:13-67
59            android:authorities="com.serviciotecnico.androidx-startup"
59-->[androidx.emoji2:emoji2:1.4.0] AndroidManifest.xml:26:13-68
60            android:exported="false" >
60-->[androidx.emoji2:emoji2:1.4.0] AndroidManifest.xml:27:13-37
61            <meta-data
61-->[androidx.emoji2:emoji2:1.4.0] AndroidManifest.xml:29:13-31:52
62                android:name="androidx.emoji2.text.EmojiCompatInitializer"
62-->[androidx.emoji2:emoji2:1.4.0] AndroidManifest.xml:30:17-75
63                android:value="androidx.startup" />
63-->[androidx.emoji2:emoji2:1.4.0] AndroidManifest.xml:31:17-49
64            <meta-data
64-->[androidx.lifecycle:lifecycle-process:2.9.0] AndroidManifest.xml:29:13-31:52
65                android:name="androidx.lifecycle.ProcessLifecycleInitializer"
65-->[androidx.lifecycle:lifecycle-process:2.9.0] AndroidManifest.xml:30:17-78
66                android:value="androidx.startup" />
66-->[androidx.lifecycle:lifecycle-process:2.9.0] AndroidManifest.xml:31:17-49
67            <meta-data
67-->[androidx.profileinstaller:profileinstaller:1.4.0] AndroidManifest.xml:29:13-31:52
68                android:name="androidx.profileinstaller.ProfileInstallerInitializer"
68-->[androidx.profileinstaller:profileinstaller:1.4.0] AndroidManifest.xml:30:17-85
69                android:value="androidx.startup" />
69-->[androidx.profileinstaller:profileinstaller:1.4.0] AndroidManifest.xml:31:17-49
70        </provider>
71
72        <activity
72-->[androidx.compose.ui:ui-test-manifest:1.9.0] AndroidManifest.xml:23:9-26:79
73            android:name="androidx.activity.ComponentActivity"
73-->[androidx.compose.ui:ui-test-manifest:1.9.0] AndroidManifest.xml:24:13-63
74            android:exported="true"
74-->[androidx.compose.ui:ui-test-manifest:1.9.0] AndroidManifest.xml:25:13-36
75            android:theme="@android:style/Theme.Material.Light.NoActionBar" />
75-->[androidx.compose.ui:ui-test-manifest:1.9.0] AndroidManifest.xml:26:13-76
76        <activity
76-->[androidx.compose.ui:ui-tooling-android:1.9.0] AndroidManifest.xml:23:9-25:39
77            android:name="androidx.compose.ui.tooling.PreviewActivity"
77-->[androidx.compose.ui:ui-tooling-android:1.9.0] AndroidManifest.xml:24:13-71
78            android:exported="true" />
78-->[androidx.compose.ui:ui-tooling-android:1.9.0] AndroidManifest.xml:25:13-36
79
80        <receiver
80-->[androidx.profileinstaller:profileinstaller:1.4.0] AndroidManifest.xml:34:9-52:20
81            android:name="androidx.profileinstaller.ProfileInstallReceiver"
81-->[androidx.profileinstaller:profileinstaller:1.4.0] AndroidManifest.xml:35:13-76
82            android:directBootAware="false"
82-->[androidx.profileinstaller:profileinstaller:1.4.0] AndroidManifest.xml:36:13-44
83            android:enabled="true"
83-->[androidx.profileinstaller:profileinstaller:1.4.0] AndroidManifest.xml:37:13-35
84            android:exported="true"
84-->[androidx.profileinstaller:profileinstaller:1.4.0] AndroidManifest.xml:38:13-36
85            android:permission="android.permission.DUMP" >
85-->[androidx.profileinstaller:profileinstaller:1.4.0] AndroidManifest.xml:39:13-57
86            <intent-filter>
86-->[androidx.profileinstaller:profileinstaller:1.4.0] AndroidManifest.xml:40:13-42:29
87                <action android:name="androidx.profileinstaller.action.INSTALL_PROFILE" />
87-->[androidx.profileinstaller:profileinstaller:1.4.0] AndroidManifest.xml:41:17-91
87-->[androidx.profileinstaller:profileinstaller:1.4.0] AndroidManifest.xml:41:25-88
88            </intent-filter>
89            <intent-filter>
89-->[androidx.profileinstaller:profileinstaller:1.4.0] AndroidManifest.xml:43:13-45:29
90                <action android:name="androidx.profileinstaller.action.SKIP_FILE" />
90-->[androidx.profileinstaller:profileinstaller:1.4.0] AndroidManifest.xml:44:17-85
90-->[androidx.profileinstaller:profileinstaller:1.4.0] AndroidManifest.xml:44:25-82
91            </intent-filter>
92            <intent-filter>
92-->[androidx.profileinstaller:profileinstaller:1.4.0] AndroidManifest.xml:46:13-48:29
93                <action android:name="androidx.profileinstaller.action.SAVE_PROFILE" />
93-->[androidx.profileinstaller:profileinstaller:1.4.0] AndroidManifest.xml:47:17-88
93-->[androidx.profileinstaller:profileinstaller:1.4.0] AndroidManifest.xml:47:25-85
94            </intent-filter>
95            <intent-filter>
95-->[androidx.profileinstaller:profileinstaller:1.4.0] AndroidManifest.xml:49:13-51:29
96                <action android:name="androidx.profileinstaller.action.BENCHMARK_OPERATION" />
96-->[androidx.profileinstaller:profileinstaller:1.4.0] AndroidManifest.xml:50:17-95
96-->[androidx.profileinstaller:profileinstaller:1.4.0] AndroidManifest.xml:50:25-92
97            </intent-filter>
98        </receiver>
99    </application>
100
101</manifest>